<?xml version="1.0" encoding="UTF-8"?>
<testsuite xmlns:xsi="http://www.w3.org/2001/XMLSchema-instance" xsi:noNamespaceSchemaLocation="https://maven.apache.org/surefire/maven-surefire-plugin/xsd/surefire-test-report.xsd" name="com.blog.BlogApplicationTests" time="11.94" tests="1" errors="0" skipped="0" failures="0">
  <properties>
    <property name="sun.desktop" value="windows"/>
    <property name="awt.toolkit" value="sun.awt.windows.WToolkit"/>
    <property name="file.encoding.pkg" value="sun.io"/>
    <property name="java.specification.version" value="1.8"/>
    <property name="sun.cpu.isalist" value="amd64"/>
    <property name="sun.jnu.encoding" value="GBK"/>
    <property name="java.class.path" value="F:\code\IdeaProjects\blog0401\target\test-classes;F:\code\IdeaProjects\blog0401\target\classes;F:\code\IdeaProjects\blog0401\lib\ueditor-1.1.2.jar;F:\code\IdeaProjects\blog0401\lib\json-lib-2.4-jdk15.jar;F:\code\IdeaProjects\blog0401\lib\json.jar;F:\Java\maven_repository\org\springframework\boot\spring-boot-starter-jdbc\2.2.6.RELEASE\spring-boot-starter-jdbc-2.2.6.RELEASE.jar;F:\Java\maven_repository\org\springframework\boot\spring-boot-starter\2.2.6.RELEASE\spring-boot-starter-2.2.6.RELEASE.jar;F:\Java\maven_repository\org\springframework\boot\spring-boot-starter-logging\2.2.6.RELEASE\spring-boot-starter-logging-2.2.6.RELEASE.jar;F:\Java\maven_repository\ch\qos\logback\logback-classic\1.2.3\logback-classic-1.2.3.jar;F:\Java\maven_repository\ch\qos\logback\logback-core\1.2.3\logback-core-1.2.3.jar;F:\Java\maven_repository\org\apache\logging\log4j\log4j-to-slf4j\2.12.1\log4j-to-slf4j-2.12.1.jar;F:\Java\maven_repository\org\apache\logging\log4j\log4j-api\2.12.1\log4j-api-2.12.1.jar;F:\Java\maven_repository\org\slf4j\jul-to-slf4j\1.7.30\jul-to-slf4j-1.7.30.jar;F:\Java\maven_repository\jakarta\annotation\jakarta.annotation-api\1.3.5\jakarta.annotation-api-1.3.5.jar;F:\Java\maven_repository\org\yaml\snakeyaml\1.25\snakeyaml-1.25.jar;F:\Java\maven_repository\com\zaxxer\HikariCP\3.4.2\HikariCP-3.4.2.jar;F:\Java\maven_repository\org\springframework\spring-jdbc\5.2.5.RELEASE\spring-jdbc-5.2.5.RELEASE.jar;F:\Java\maven_repository\org\springframework\spring-beans\5.2.5.RELEASE\spring-beans-5.2.5.RELEASE.jar;F:\Java\maven_repository\org\springframework\spring-tx\5.2.5.RELEASE\spring-tx-5.2.5.RELEASE.jar;F:\Java\maven_repository\org\springframework\boot\spring-boot-starter-thymeleaf\2.2.6.RELEASE\spring-boot-starter-thymeleaf-2.2.6.RELEASE.jar;F:\Java\maven_repository\org\thymeleaf\thymeleaf-spring5\3.0.11.RELEASE\thymeleaf-spring5-3.0.11.RELEASE.jar;F:\Java\maven_repository\org\thymeleaf\thymeleaf\3.0.11.RELEASE\thymeleaf-3.0.11.RELEASE.jar;F:\Java\maven_repository\org\attoparser\attoparser\2.0.5.RELEASE\attoparser-2.0.5.RELEASE.jar;F:\Java\maven_repository\org\unbescape\unbescape\1.1.6.RELEASE\unbescape-1.1.6.RELEASE.jar;F:\Java\maven_repository\org\thymeleaf\extras\thymeleaf-extras-java8time\3.0.4.RELEASE\thymeleaf-extras-java8time-3.0.4.RELEASE.jar;F:\Java\maven_repository\org\springframework\boot\spring-boot-starter-web\2.2.6.RELEASE\spring-boot-starter-web-2.2.6.RELEASE.jar;F:\Java\maven_repository\org\springframework\boot\spring-boot-starter-json\2.2.6.RELEASE\spring-boot-starter-json-2.2.6.RELEASE.jar;F:\Java\maven_repository\com\fasterxml\jackson\core\jackson-databind\2.10.3\jackson-databind-2.10.3.jar;F:\Java\maven_repository\com\fasterxml\jackson\core\jackson-annotations\2.10.3\jackson-annotations-2.10.3.jar;F:\Java\maven_repository\com\fasterxml\jackson\core\jackson-core\2.10.3\jackson-core-2.10.3.jar;F:\Java\maven_repository\com\fasterxml\jackson\datatype\jackson-datatype-jdk8\2.10.3\jackson-datatype-jdk8-2.10.3.jar;F:\Java\maven_repository\com\fasterxml\jackson\datatype\jackson-datatype-jsr310\2.10.3\jackson-datatype-jsr310-2.10.3.jar;F:\Java\maven_repository\com\fasterxml\jackson\module\jackson-module-parameter-names\2.10.3\jackson-module-parameter-names-2.10.3.jar;F:\Java\maven_repository\org\springframework\boot\spring-boot-starter-tomcat\2.2.6.RELEASE\spring-boot-starter-tomcat-2.2.6.RELEASE.jar;F:\Java\maven_repository\org\apache\tomcat\embed\tomcat-embed-core\9.0.33\tomcat-embed-core-9.0.33.jar;F:\Java\maven_repository\org\apache\tomcat\embed\tomcat-embed-el\9.0.33\tomcat-embed-el-9.0.33.jar;F:\Java\maven_repository\org\apache\tomcat\embed\tomcat-embed-websocket\9.0.33\tomcat-embed-websocket-9.0.33.jar;F:\Java\maven_repository\org\springframework\boot\spring-boot-starter-validation\2.2.6.RELEASE\spring-boot-starter-validation-2.2.6.RELEASE.jar;F:\Java\maven_repository\jakarta\validation\jakarta.validation-api\2.0.2\jakarta.validation-api-2.0.2.jar;F:\Java\maven_repository\org\hibernate\validator\hibernate-validator\6.0.18.Final\hibernate-validator-6.0.18.Final.jar;F:\Java\maven_repository\org\jboss\logging\jboss-logging\3.4.1.Final\jboss-logging-3.4.1.Final.jar;F:\Java\maven_repository\com\fasterxml\classmate\1.5.1\classmate-1.5.1.jar;F:\Java\maven_repository\org\springframework\spring-web\5.2.5.RELEASE\spring-web-5.2.5.RELEASE.jar;F:\Java\maven_repository\org\springframework\spring-webmvc\5.2.5.RELEASE\spring-webmvc-5.2.5.RELEASE.jar;F:\Java\maven_repository\org\springframework\spring-aop\5.2.5.RELEASE\spring-aop-5.2.5.RELEASE.jar;F:\Java\maven_repository\org\springframework\spring-context\5.2.5.RELEASE\spring-context-5.2.5.RELEASE.jar;F:\Java\maven_repository\org\springframework\spring-expression\5.2.5.RELEASE\spring-expression-5.2.5.RELEASE.jar;F:\Java\maven_repository\org\mybatis\spring\boot\mybatis-spring-boot-starter\2.1.2\mybatis-spring-boot-starter-2.1.2.jar;F:\Java\maven_repository\org\mybatis\spring\boot\mybatis-spring-boot-autoconfigure\2.1.2\mybatis-spring-boot-autoconfigure-2.1.2.jar;F:\Java\maven_repository\org\mybatis\mybatis\3.5.4\mybatis-3.5.4.jar;F:\Java\maven_repository\org\mybatis\mybatis-spring\2.0.4\mybatis-spring-2.0.4.jar;F:\Java\maven_repository\tk\mybatis\mapper-spring-boot-starter\2.0.4\mapper-spring-boot-starter-2.0.4.jar;F:\Java\maven_repository\tk\mybatis\mapper-core\1.0.5\mapper-core-1.0.5.jar;F:\Java\maven_repository\javax\persistence\persistence-api\1.0\persistence-api-1.0.jar;F:\Java\maven_repository\tk\mybatis\mapper-base\1.0.5\mapper-base-1.0.5.jar;F:\Java\maven_repository\tk\mybatis\mapper-weekend\1.1.4.1\mapper-weekend-1.1.4.1.jar;F:\Java\maven_repository\tk\mybatis\mapper-spring\1.0.5\mapper-spring-1.0.5.jar;F:\Java\maven_repository\tk\mybatis\mapper-extra\1.0.5\mapper-extra-1.0.5.jar;F:\Java\maven_repository\tk\mybatis\mapper-spring-boot-autoconfigure\2.0.4\mapper-spring-boot-autoconfigure-2.0.4.jar;F:\Java\maven_repository\org\springframework\boot\spring-boot-devtools\2.2.6.RELEASE\spring-boot-devtools-2.2.6.RELEASE.jar;F:\Java\maven_repository\org\springframework\boot\spring-boot\2.2.6.RELEASE\spring-boot-2.2.6.RELEASE.jar;F:\Java\maven_repository\org\springframework\boot\spring-boot-autoconfigure\2.2.6.RELEASE\spring-boot-autoconfigure-2.2.6.RELEASE.jar;F:\Java\maven_repository\mysql\mysql-connector-java\8.0.19\mysql-connector-java-8.0.19.jar;F:\Java\maven_repository\org\springframework\boot\spring-boot-starter-test\2.2.6.RELEASE\spring-boot-starter-test-2.2.6.RELEASE.jar;F:\Java\maven_repository\org\springframework\boot\spring-boot-test\2.2.6.RELEASE\spring-boot-test-2.2.6.RELEASE.jar;F:\Java\maven_repository\org\springframework\boot\spring-boot-test-autoconfigure\2.2.6.RELEASE\spring-boot-test-autoconfigure-2.2.6.RELEASE.jar;F:\Java\maven_repository\com\jayway\jsonpath\json-path\2.4.0\json-path-2.4.0.jar;F:\Java\maven_repository\net\minidev\json-smart\2.3\json-smart-2.3.jar;F:\Java\maven_repository\net\minidev\accessors-smart\1.2\accessors-smart-1.2.jar;F:\Java\maven_repository\org\ow2\asm\asm\5.0.4\asm-5.0.4.jar;F:\Java\maven_repository\jakarta\xml\bind\jakarta.xml.bind-api\2.3.3\jakarta.xml.bind-api-2.3.3.jar;F:\Java\maven_repository\jakarta\activation\jakarta.activation-api\1.2.2\jakarta.activation-api-1.2.2.jar;F:\Java\maven_repository\org\junit\jupiter\junit-jupiter\5.5.2\junit-jupiter-5.5.2.jar;F:\Java\maven_repository\org\junit\jupiter\junit-jupiter-api\5.5.2\junit-jupiter-api-5.5.2.jar;F:\Java\maven_repository\org\apiguardian\apiguardian-api\1.1.0\apiguardian-api-1.1.0.jar;F:\Java\maven_repository\org\opentest4j\opentest4j\1.2.0\opentest4j-1.2.0.jar;F:\Java\maven_repository\org\junit\platform\junit-platform-commons\1.5.2\junit-platform-commons-1.5.2.jar;F:\Java\maven_repository\org\junit\jupiter\junit-jupiter-params\5.5.2\junit-jupiter-params-5.5.2.jar;F:\Java\maven_repository\org\junit\jupiter\junit-jupiter-engine\5.5.2\junit-jupiter-engine-5.5.2.jar;F:\Java\maven_repository\org\junit\platform\junit-platform-engine\1.5.2\junit-platform-engine-1.5.2.jar;F:\Java\maven_repository\org\mockito\mockito-junit-jupiter\3.1.0\mockito-junit-jupiter-3.1.0.jar;F:\Java\maven_repository\org\assertj\assertj-core\3.13.2\assertj-core-3.13.2.jar;F:\Java\maven_repository\org\hamcrest\hamcrest\2.1\hamcrest-2.1.jar;F:\Java\maven_repository\org\mockito\mockito-core\3.1.0\mockito-core-3.1.0.jar;F:\Java\maven_repository\net\bytebuddy\byte-buddy\1.10.8\byte-buddy-1.10.8.jar;F:\Java\maven_repository\net\bytebuddy\byte-buddy-agent\1.10.8\byte-buddy-agent-1.10.8.jar;F:\Java\maven_repository\org\objenesis\objenesis\2.6\objenesis-2.6.jar;F:\Java\maven_repository\org\skyscreamer\jsonassert\1.5.0\jsonassert-1.5.0.jar;F:\Java\maven_repository\com\vaadin\external\google\android-json\0.0.20131108.vaadin1\android-json-0.0.20131108.vaadin1.jar;F:\Java\maven_repository\org\springframework\spring-core\5.2.5.RELEASE\spring-core-5.2.5.RELEASE.jar;F:\Java\maven_repository\org\springframework\spring-jcl\5.2.5.RELEASE\spring-jcl-5.2.5.RELEASE.jar;F:\Java\maven_repository\org\springframework\spring-test\5.2.5.RELEASE\spring-test-5.2.5.RELEASE.jar;F:\Java\maven_repository\org\xmlunit\xmlunit-core\2.6.4\xmlunit-core-2.6.4.jar;F:\Java\maven_repository\com\github\pagehelper\pagehelper-spring-boot-starter\1.2.3\pagehelper-spring-boot-starter-1.2.3.jar;F:\Java\maven_repository\com\github\pagehelper\pagehelper-spring-boot-autoconfigure\1.2.3\pagehelper-spring-boot-autoconfigure-1.2.3.jar;F:\Java\maven_repository\com\github\pagehelper\pagehelper\5.1.2\pagehelper-5.1.2.jar;F:\Java\maven_repository\com\github\jsqlparser\jsqlparser\1.0\jsqlparser-1.0.jar;F:\Java\maven_repository\org\apache\shiro\shiro-core\1.2.4\shiro-core-1.2.4.jar;F:\Java\maven_repository\org\slf4j\slf4j-api\1.7.30\slf4j-api-1.7.30.jar;F:\Java\maven_repository\org\apache\shiro\shiro-web\1.2.4\shiro-web-1.2.4.jar;F:\Java\maven_repository\org\apache\shiro\shiro-spring\1.2.4\shiro-spring-1.2.4.jar;F:\Java\maven_repository\com\github\theborakompanioni\thymeleaf-extras-shiro\2.0.0\thymeleaf-extras-shiro-2.0.0.jar;F:\Java\maven_repository\commons-lang\commons-lang\2.5\commons-lang-2.5.jar;F:\Java\maven_repository\commons-beanutils\commons-beanutils\1.8.0\commons-beanutils-1.8.0.jar;F:\Java\maven_repository\commons-collections\commons-collections\3.2.1\commons-collections-3.2.1.jar;F:\Java\maven_repository\commons-logging\commons-logging\1.1.1\commons-logging-1.1.1.jar;F:\Java\maven_repository\net\sf\ezmorph\ezmorph\1.0.6\ezmorph-1.0.6.jar;F:\Java\maven_repository\org\apache\lucene\lucene-core\5.3.1\lucene-core-5.3.1.jar;F:\Java\maven_repository\org\apache\lucene\lucene-analyzers-common\5.3.1\lucene-analyzers-common-5.3.1.jar;F:\Java\maven_repository\org\apache\lucene\lucene-analyzers-smartcn\5.3.1\lucene-analyzers-smartcn-5.3.1.jar;F:\Java\maven_repository\org\apache\lucene\lucene-queryparser\5.3.1\lucene-queryparser-5.3.1.jar;F:\Java\maven_repository\org\apache\lucene\lucene-queries\5.3.1\lucene-queries-5.3.1.jar;F:\Java\maven_repository\org\apache\lucene\lucene-sandbox\5.3.1\lucene-sandbox-5.3.1.jar;F:\Java\maven_repository\org\apache\lucene\lucene-highlighter\5.3.1\lucene-highlighter-5.3.1.jar;F:\Java\maven_repository\org\apache\lucene\lucene-join\5.3.1\lucene-join-5.3.1.jar;F:\Java\maven_repository\org\apache\lucene\lucene-memory\5.3.1\lucene-memory-5.3.1.jar;F:\Java\maven_repository\com\alibaba\druid\1.0.16\druid-1.0.16.jar;F:\java\jdk\jre\..\lib\jconsole.jar;F:\java\jdk\jre\..\lib\tools.jar;F:\Java\maven_repository\org\jsoup\jsoup\1.8.3\jsoup-1.8.3.jar;F:\Java\maven_repository\junit\junit\4.12\junit-4.12.jar;F:\Java\maven_repository\org\hamcrest\hamcrest-core\2.1\hamcrest-core-2.1.jar;"/>
    <property name="java.vm.vendor" value="Oracle Corporation"/>
    <property name="sun.arch.data.model" value="64"/>
    <property name="user.variant" value=""/>
    <property name="java.vendor.url" value="http://java.oracle.com/"/>
    <property name="user.timezone" value="Asia/Shanghai"/>
    <property name="user.country.format" value="HK"/>
    <property name="java.vm.specification.version" value="1.8"/>
    <property name="os.name" value="Windows 10"/>
    <property name="user.country" value="CN"/>
    <property name="sun.java.launcher" value="SUN_STANDARD"/>
    <property name="sun.boot.library.path" value="F:\java\jdk\jre\bin"/>
    <property name="sun.java.command" value="C:\Users\Snoopy\AppData\Local\Temp\surefire4412568709031619774\surefirebooter1385327451611889700.jar C:\Users\Snoopy\AppData\Local\Temp\surefire4412568709031619774 2020-06-24T10-21-12_824-jvmRun1 surefire7231162932640210185tmp surefire_06637426081062639763tmp"/>
    <property name="surefire.test.class.path" value="F:\code\IdeaProjects\blog0401\target\test-classes;F:\code\IdeaProjects\blog0401\target\classes;F:\code\IdeaProjects\blog0401\lib\ueditor-1.1.2.jar;F:\code\IdeaProjects\blog0401\lib\json-lib-2.4-jdk15.jar;F:\code\IdeaProjects\blog0401\lib\json.jar;F:\Java\maven_repository\org\springframework\boot\spring-boot-starter-jdbc\2.2.6.RELEASE\spring-boot-starter-jdbc-2.2.6.RELEASE.jar;F:\Java\maven_repository\org\springframework\boot\spring-boot-starter\2.2.6.RELEASE\spring-boot-starter-2.2.6.RELEASE.jar;F:\Java\maven_repository\org\springframework\boot\spring-boot-starter-logging\2.2.6.RELEASE\spring-boot-starter-logging-2.2.6.RELEASE.jar;F:\Java\maven_repository\ch\qos\logback\logback-classic\1.2.3\logback-classic-1.2.3.jar;F:\Java\maven_repository\ch\qos\logback\logback-core\1.2.3\logback-core-1.2.3.jar;F:\Java\maven_repository\org\apache\logging\log4j\log4j-to-slf4j\2.12.1\log4j-to-slf4j-2.12.1.jar;F:\Java\maven_repository\org\apache\logging\log4j\log4j-api\2.12.1\log4j-api-2.12.1.jar;F:\Java\maven_repository\org\slf4j\jul-to-slf4j\1.7.30\jul-to-slf4j-1.7.30.jar;F:\Java\maven_repository\jakarta\annotation\jakarta.annotation-api\1.3.5\jakarta.annotation-api-1.3.5.jar;F:\Java\maven_repository\org\yaml\snakeyaml\1.25\snakeyaml-1.25.jar;F:\Java\maven_repository\com\zaxxer\HikariCP\3.4.2\HikariCP-3.4.2.jar;F:\Java\maven_repository\org\springframework\spring-jdbc\5.2.5.RELEASE\spring-jdbc-5.2.5.RELEASE.jar;F:\Java\maven_repository\org\springframework\spring-beans\5.2.5.RELEASE\spring-beans-5.2.5.RELEASE.jar;F:\Java\maven_repository\org\springframework\spring-tx\5.2.5.RELEASE\spring-tx-5.2.5.RELEASE.jar;F:\Java\maven_repository\org\springframework\boot\spring-boot-starter-thymeleaf\2.2.6.RELEASE\spring-boot-starter-thymeleaf-2.2.6.RELEASE.jar;F:\Java\maven_repository\org\thymeleaf\thymeleaf-spring5\3.0.11.RELEASE\thymeleaf-spring5-3.0.11.RELEASE.jar;F:\Java\maven_repository\org\thymeleaf\thymeleaf\3.0.11.RELEASE\thymeleaf-3.0.11.RELEASE.jar;F:\Java\maven_repository\org\attoparser\attoparser\2.0.5.RELEASE\attoparser-2.0.5.RELEASE.jar;F:\Java\maven_repository\org\unbescape\unbescape\1.1.6.RELEASE\unbescape-1.1.6.RELEASE.jar;F:\Java\maven_repository\org\thymeleaf\extras\thymeleaf-extras-java8time\3.0.4.RELEASE\thymeleaf-extras-java8time-3.0.4.RELEASE.jar;F:\Java\maven_repository\org\springframework\boot\spring-boot-starter-web\2.2.6.RELEASE\spring-boot-starter-web-2.2.6.RELEASE.jar;F:\Java\maven_repository\org\springframework\boot\spring-boot-starter-json\2.2.6.RELEASE\spring-boot-starter-json-2.2.6.RELEASE.jar;F:\Java\maven_repository\com\fasterxml\jackson\core\jackson-databind\2.10.3\jackson-databind-2.10.3.jar;F:\Java\maven_repository\com\fasterxml\jackson\core\jackson-annotations\2.10.3\jackson-annotations-2.10.3.jar;F:\Java\maven_repository\com\fasterxml\jackson\core\jackson-core\2.10.3\jackson-core-2.10.3.jar;F:\Java\maven_repository\com\fasterxml\jackson\datatype\jackson-datatype-jdk8\2.10.3\jackson-datatype-jdk8-2.10.3.jar;F:\Java\maven_repository\com\fasterxml\jackson\datatype\jackson-datatype-jsr310\2.10.3\jackson-datatype-jsr310-2.10.3.jar;F:\Java\maven_repository\com\fasterxml\jackson\module\jackson-module-parameter-names\2.10.3\jackson-module-parameter-names-2.10.3.jar;F:\Java\maven_repository\org\springframework\boot\spring-boot-starter-tomcat\2.2.6.RELEASE\spring-boot-starter-tomcat-2.2.6.RELEASE.jar;F:\Java\maven_repository\org\apache\tomcat\embed\tomcat-embed-core\9.0.33\tomcat-embed-core-9.0.33.jar;F:\Java\maven_repository\org\apache\tomcat\embed\tomcat-embed-el\9.0.33\tomcat-embed-el-9.0.33.jar;F:\Java\maven_repository\org\apache\tomcat\embed\tomcat-embed-websocket\9.0.33\tomcat-embed-websocket-9.0.33.jar;F:\Java\maven_repository\org\springframework\boot\spring-boot-starter-validation\2.2.6.RELEASE\spring-boot-starter-validation-2.2.6.RELEASE.jar;F:\Java\maven_repository\jakarta\validation\jakarta.validation-api\2.0.2\jakarta.validation-api-2.0.2.jar;F:\Java\maven_repository\org\hibernate\validator\hibernate-validator\6.0.18.Final\hibernate-validator-6.0.18.Final.jar;F:\Java\maven_repository\org\jboss\logging\jboss-logging\3.4.1.Final\jboss-logging-3.4.1.Final.jar;F:\Java\maven_repository\com\fasterxml\classmate\1.5.1\classmate-1.5.1.jar;F:\Java\maven_repository\org\springframework\spring-web\5.2.5.RELEASE\spring-web-5.2.5.RELEASE.jar;F:\Java\maven_repository\org\springframework\spring-webmvc\5.2.5.RELEASE\spring-webmvc-5.2.5.RELEASE.jar;F:\Java\maven_repository\org\springframework\spring-aop\5.2.5.RELEASE\spring-aop-5.2.5.RELEASE.jar;F:\Java\maven_repository\org\springframework\spring-context\5.2.5.RELEASE\spring-context-5.2.5.RELEASE.jar;F:\Java\maven_repository\org\springframework\spring-expression\5.2.5.RELEASE\spring-expression-5.2.5.RELEASE.jar;F:\Java\maven_repository\org\mybatis\spring\boot\mybatis-spring-boot-starter\2.1.2\mybatis-spring-boot-starter-2.1.2.jar;F:\Java\maven_repository\org\mybatis\spring\boot\mybatis-spring-boot-autoconfigure\2.1.2\mybatis-spring-boot-autoconfigure-2.1.2.jar;F:\Java\maven_repository\org\mybatis\mybatis\3.5.4\mybatis-3.5.4.jar;F:\Java\maven_repository\org\mybatis\mybatis-spring\2.0.4\mybatis-spring-2.0.4.jar;F:\Java\maven_repository\tk\mybatis\mapper-spring-boot-starter\2.0.4\mapper-spring-boot-starter-2.0.4.jar;F:\Java\maven_repository\tk\mybatis\mapper-core\1.0.5\mapper-core-1.0.5.jar;F:\Java\maven_repository\javax\persistence\persistence-api\1.0\persistence-api-1.0.jar;F:\Java\maven_repository\tk\mybatis\mapper-base\1.0.5\mapper-base-1.0.5.jar;F:\Java\maven_repository\tk\mybatis\mapper-weekend\1.1.4.1\mapper-weekend-1.1.4.1.jar;F:\Java\maven_repository\tk\mybatis\mapper-spring\1.0.5\mapper-spring-1.0.5.jar;F:\Java\maven_repository\tk\mybatis\mapper-extra\1.0.5\mapper-extra-1.0.5.jar;F:\Java\maven_repository\tk\mybatis\mapper-spring-boot-autoconfigure\2.0.4\mapper-spring-boot-autoconfigure-2.0.4.jar;F:\Java\maven_repository\org\springframework\boot\spring-boot-devtools\2.2.6.RELEASE\spring-boot-devtools-2.2.6.RELEASE.jar;F:\Java\maven_repository\org\springframework\boot\spring-boot\2.2.6.RELEASE\spring-boot-2.2.6.RELEASE.jar;F:\Java\maven_repository\org\springframework\boot\spring-boot-autoconfigure\2.2.6.RELEASE\spring-boot-autoconfigure-2.2.6.RELEASE.jar;F:\Java\maven_repository\mysql\mysql-connector-java\8.0.19\mysql-connector-java-8.0.19.jar;F:\Java\maven_repository\org\springframework\boot\spring-boot-starter-test\2.2.6.RELEASE\spring-boot-starter-test-2.2.6.RELEASE.jar;F:\Java\maven_repository\org\springframework\boot\spring-boot-test\2.2.6.RELEASE\spring-boot-test-2.2.6.RELEASE.jar;F:\Java\maven_repository\org\springframework\boot\spring-boot-test-autoconfigure\2.2.6.RELEASE\spring-boot-test-autoconfigure-2.2.6.RELEASE.jar;F:\Java\maven_repository\com\jayway\jsonpath\json-path\2.4.0\json-path-2.4.0.jar;F:\Java\maven_repository\net\minidev\json-smart\2.3\json-smart-2.3.jar;F:\Java\maven_repository\net\minidev\accessors-smart\1.2\accessors-smart-1.2.jar;F:\Java\maven_repository\org\ow2\asm\asm\5.0.4\asm-5.0.4.jar;F:\Java\maven_repository\jakarta\xml\bind\jakarta.xml.bind-api\2.3.3\jakarta.xml.bind-api-2.3.3.jar;F:\Java\maven_repository\jakarta\activation\jakarta.activation-api\1.2.2\jakarta.activation-api-1.2.2.jar;F:\Java\maven_repository\org\junit\jupiter\junit-jupiter\5.5.2\junit-jupiter-5.5.2.jar;F:\Java\maven_repository\org\junit\jupiter\junit-jupiter-api\5.5.2\junit-jupiter-api-5.5.2.jar;F:\Java\maven_repository\org\apiguardian\apiguardian-api\1.1.0\apiguardian-api-1.1.0.jar;F:\Java\maven_repository\org\opentest4j\opentest4j\1.2.0\opentest4j-1.2.0.jar;F:\Java\maven_repository\org\junit\platform\junit-platform-commons\1.5.2\junit-platform-commons-1.5.2.jar;F:\Java\maven_repository\org\junit\jupiter\junit-jupiter-params\5.5.2\junit-jupiter-params-5.5.2.jar;F:\Java\maven_repository\org\junit\jupiter\junit-jupiter-engine\5.5.2\junit-jupiter-engine-5.5.2.jar;F:\Java\maven_repository\org\junit\platform\junit-platform-engine\1.5.2\junit-platform-engine-1.5.2.jar;F:\Java\maven_repository\org\mockito\mockito-junit-jupiter\3.1.0\mockito-junit-jupiter-3.1.0.jar;F:\Java\maven_repository\org\assertj\assertj-core\3.13.2\assertj-core-3.13.2.jar;F:\Java\maven_repository\org\hamcrest\hamcrest\2.1\hamcrest-2.1.jar;F:\Java\maven_repository\org\mockito\mockito-core\3.1.0\mockito-core-3.1.0.jar;F:\Java\maven_repository\net\bytebuddy\byte-buddy\1.10.8\byte-buddy-1.10.8.jar;F:\Java\maven_repository\net\bytebuddy\byte-buddy-agent\1.10.8\byte-buddy-agent-1.10.8.jar;F:\Java\maven_repository\org\objenesis\objenesis\2.6\objenesis-2.6.jar;F:\Java\maven_repository\org\skyscreamer\jsonassert\1.5.0\jsonassert-1.5.0.jar;F:\Java\maven_repository\com\vaadin\external\google\android-json\0.0.20131108.vaadin1\android-json-0.0.20131108.vaadin1.jar;F:\Java\maven_repository\org\springframework\spring-core\5.2.5.RELEASE\spring-core-5.2.5.RELEASE.jar;F:\Java\maven_repository\org\springframework\spring-jcl\5.2.5.RELEASE\spring-jcl-5.2.5.RELEASE.jar;F:\Java\maven_repository\org\springframework\spring-test\5.2.5.RELEASE\spring-test-5.2.5.RELEASE.jar;F:\Java\maven_repository\org\xmlunit\xmlunit-core\2.6.4\xmlunit-core-2.6.4.jar;F:\Java\maven_repository\com\github\pagehelper\pagehelper-spring-boot-starter\1.2.3\pagehelper-spring-boot-starter-1.2.3.jar;F:\Java\maven_repository\com\github\pagehelper\pagehelper-spring-boot-autoconfigure\1.2.3\pagehelper-spring-boot-autoconfigure-1.2.3.jar;F:\Java\maven_repository\com\github\pagehelper\pagehelper\5.1.2\pagehelper-5.1.2.jar;F:\Java\maven_repository\com\github\jsqlparser\jsqlparser\1.0\jsqlparser-1.0.jar;F:\Java\maven_repository\org\apache\shiro\shiro-core\1.2.4\shiro-core-1.2.4.jar;F:\Java\maven_repository\org\slf4j\slf4j-api\1.7.30\slf4j-api-1.7.30.jar;F:\Java\maven_repository\org\apache\shiro\shiro-web\1.2.4\shiro-web-1.2.4.jar;F:\Java\maven_repository\org\apache\shiro\shiro-spring\1.2.4\shiro-spring-1.2.4.jar;F:\Java\maven_repository\com\github\theborakompanioni\thymeleaf-extras-shiro\2.0.0\thymeleaf-extras-shiro-2.0.0.jar;F:\Java\maven_repository\commons-lang\commons-lang\2.5\commons-lang-2.5.jar;F:\Java\maven_repository\commons-beanutils\commons-beanutils\1.8.0\commons-beanutils-1.8.0.jar;F:\Java\maven_repository\commons-collections\commons-collections\3.2.1\commons-collections-3.2.1.jar;F:\Java\maven_repository\commons-logging\commons-logging\1.1.1\commons-logging-1.1.1.jar;F:\Java\maven_repository\net\sf\ezmorph\ezmorph\1.0.6\ezmorph-1.0.6.jar;F:\Java\maven_repository\org\apache\lucene\lucene-core\5.3.1\lucene-core-5.3.1.jar;F:\Java\maven_repository\org\apache\lucene\lucene-analyzers-common\5.3.1\lucene-analyzers-common-5.3.1.jar;F:\Java\maven_repository\org\apache\lucene\lucene-analyzers-smartcn\5.3.1\lucene-analyzers-smartcn-5.3.1.jar;F:\Java\maven_repository\org\apache\lucene\lucene-queryparser\5.3.1\lucene-queryparser-5.3.1.jar;F:\Java\maven_repository\org\apache\lucene\lucene-queries\5.3.1\lucene-queries-5.3.1.jar;F:\Java\maven_repository\org\apache\lucene\lucene-sandbox\5.3.1\lucene-sandbox-5.3.1.jar;F:\Java\maven_repository\org\apache\lucene\lucene-highlighter\5.3.1\lucene-highlighter-5.3.1.jar;F:\Java\maven_repository\org\apache\lucene\lucene-join\5.3.1\lucene-join-5.3.1.jar;F:\Java\maven_repository\org\apache\lucene\lucene-memory\5.3.1\lucene-memory-5.3.1.jar;F:\Java\maven_repository\com\alibaba\druid\1.0.16\druid-1.0.16.jar;F:\java\jdk\jre\..\lib\jconsole.jar;F:\java\jdk\jre\..\lib\tools.jar;F:\Java\maven_repository\org\jsoup\jsoup\1.8.3\jsoup-1.8.3.jar;F:\Java\maven_repository\junit\junit\4.12\junit-4.12.jar;F:\Java\maven_repository\org\hamcrest\hamcrest-core\2.1\hamcrest-core-2.1.jar;"/>
    <property name="sun.cpu.endian" value="little"/>
    <property name="user.home" value="C:\Users\Snoopy"/>
    <property name="user.language" value="zh"/>
    <property name="java.specification.vendor" value="Oracle Corporation"/>
    <property name="java.home" value="F:\java\jdk\jre"/>
    <property name="basedir" value="F:\code\IdeaProjects\blog0401"/>
    <property name="file.separator" value="\"/>
    <property name="line.separator" value="&#10;"/>
    <property name="java.vm.specification.vendor" value="Oracle Corporation"/>
    <property name="java.specification.name" value="Java Platform API Specification"/>
    <property name="java.awt.graphicsenv" value="sun.awt.Win32GraphicsEnvironment"/>
    <property name="idea.version2020.1.1" value="true"/>
    <property name="surefire.real.class.path" value="C:\Users\Snoopy\AppData\Local\Temp\surefire4412568709031619774\surefirebooter1385327451611889700.jar"/>
    <property name="sun.boot.class.path" value="F:\java\jdk\jre\lib\resources.jar;F:\java\jdk\jre\lib\rt.jar;F:\java\jdk\jre\lib\sunrsasign.jar;F:\java\jdk\jre\lib\jsse.jar;F:\java\jdk\jre\lib\jce.jar;F:\java\jdk\jre\lib\charsets.jar;F:\java\jdk\jre\lib\jfr.jar;F:\java\jdk\jre\classes"/>
    <property name="user.script" value=""/>
    <property name="user.script.format" value="Hans"/>
    <property name="sun.management.compiler" value="HotSpot 64-Bit Tiered Compilers"/>
    <property name="java.runtime.version" value="1.8.0_151-b12"/>
    <property name="user.name" value="Snoopy"/>
    <property name="path.separator" value=";"/>
    <property name="os.version" value="10.0"/>
    <property name="java.endorsed.dirs" value="F:\java\jdk\jre\lib\endorsed"/>
    <property name="java.runtime.name" value="Java(TM) SE Runtime Environment"/>
    <property name="file.encoding" value="GBK"/>
    <property name="java.vm.name" value="Java HotSpot(TM) 64-Bit Server VM"/>
    <property name="localRepository" value="F:\Java\maven_repository"/>
    <property name="java.vendor.url.bug" value="http://bugreport.sun.com/bugreport/"/>
    <property name="java.io.tmpdir" value="C:\Users\Snoopy\AppData\Local\Temp\"/>
    <property name="java.version" value="1.8.0_151"/>
    <property name="user.dir" value="F:\code\IdeaProjects\blog0401"/>
    <property name="os.arch" value="amd64"/>
    <property name="java.vm.specification.name" value="Java Virtual Machine Specification"/>
    <property name="java.awt.printerjob" value="sun.awt.windows.WPrinterJob"/>
    <property name="sun.os.patch.level" value=""/>
    <property name="java.library.path" value="F:\java\jdk\jre\bin;C:\Windows\Sun\Java\bin;C:\Windows\system32;C:\Windows;C:\Windows\system32\WBEM;F:\Users\Snoopy\AppData\Local\Programs\Python\Python38\Scripts\;F:\Users\Snoopy\AppData\Local\Programs\Python\Python38\;C:\ProgramData\Oracle\Java\javapath;C:\Windows\system32;C:\Windows;C:\Windows\System32\Wbem;C:\Windows\System32\WindowsPowerShell\v1.0\;C:\Windows\System32\OpenSSH\;&quot;F:\java\jdk\bin;F:\java\jdk\jre\bin;&quot;;&quot;.;F:\java\jdk\lib\dt.jar;F:\java\jdk\lib\tools.jar;&quot;;F:\java\apache-maven-3.6.1\bin;C:\Program Files (x86)\MySQL\MySQL Fabric 1.5 &amp; MySQL Utilities 1.5\;C:\Program Files (x86)\MySQL\MySQL Fabric 1.5 &amp; MySQL Utilities 1.5\Doctrine extensions for PHP\;F:\Program Files\Git\cmd;F:\Program Files\nodejs\;F:\Program Files (x86)\Pandoc\;C:\Program Files (x86)\Intel\Intel(R) Management Engine Components\DAL;C:\Program Files\Intel\Intel(R) Management Engine Components\DAL;C:\Users\Snoopy\AppData\Local\Microsoft\WindowsApps;F:\Program Files\Bandizip\;C:\Users\Snoopy\AppData\Roaming\npm;C:\Program Files\Intel\WiFi\bin\;C:\Program Files\Common Files\Intel\WirelessCommon\;E:\phpenv\php-7.4.4-Win32-vc15-x64;E:\phpenv\php-7.4.4-Win32-vc15-x64\ext;E:\phpenv\httpd-2.4.41-win64-VS16\Apache24\bin;F:\Program Files (x86)\Rational\common;F:\ProgramData\Anaconda3;F:\ProgramData\Anaconda3\Scripts;?D:\qianrushi\glo663wb\bin;C:\Users\Snoopy\AppData\Local\Microsoft\WindowsApps;F:\Program Files\Bandizip\;C:\Users\Snoopy\AppData\Roaming\npm;D:\Program Files\JetBrains\IntelliJ IDEA 2020.1.1\bin;;F:\Program Files\JetBrains\PyCharm 2020.1\bin;;D:\Program Files\JetBrains\PhpStorm 2020.1\bin;;D:\Users\Snoopy\AppData\Local\Programs\Microsoft VS Code\bin;."/>
    <property name="java.vm.info" value="mixed mode"/>
    <property name="java.vendor" value="Oracle Corporation"/>
    <property name="java.vm.version" value="25.151-b12"/>
    <property name="java.ext.dirs" value="F:\java\jdk\jre\lib\ext;C:\Windows\Sun\Java\lib\ext"/>
    <property name="sun.io.unicode.encoding" value="UnicodeLittle"/>
    <property name="maven.repo.local" value="F:\Java\maven_repository"/>
    <property name="java.class.version" value="52.0"/>
  </properties>
  <testcase name="contextLoads" classname="com.blog.BlogApplicationTests" time="2.298"/>
</testsuite>